SF:lib\data\datasources\movie_local_data_source.dart
DA:17,1
DA:20,1
DA:22,3
DA:25,2
DA:30,1
DA:32,3
DA:35,2
DA:40,1
DA:41,3
DA:43,1
DA:50,1
DA:51,3
DA:52,4
LF:13
LH:13
end_of_record
SF:lib\data\models\movie_table.dart
DA:13,2
DA:20,2
DA:21,1
DA:22,1
DA:23,1
DA:24,1
DA:27,2
DA:28,1
DA:29,1
DA:30,1
DA:31,1
DA:34,0
DA:35,0
DA:36,0
DA:37,0
DA:38,0
DA:41,2
DA:42,1
DA:43,1
DA:44,1
DA:45,1
DA:48,2
DA:50,10
LF:23
LH:18
end_of_record
SF:lib\domain\entities\genre.dart
DA:4,6
DA:12,2
DA:13,6
LF:3
LH:3
end_of_record
SF:lib\domain\entities\movie.dart
DA:4,8
DA:20,2
DA:41,6
DA:42,6
DA:43,6
DA:44,6
DA:45,6
DA:46,6
DA:47,6
DA:48,6
DA:49,6
DA:50,6
DA:51,6
DA:52,6
DA:53,6
DA:54,6
DA:55,6
LF:17
LH:17
end_of_record
SF:lib\domain\entities\movie_detail.dart
DA:5,6
DA:33,2
DA:34,2
DA:35,2
DA:36,2
DA:37,2
DA:38,2
DA:39,2
DA:40,2
DA:41,2
DA:42,2
DA:43,2
DA:44,2
DA:45,2
LF:14
LH:14
end_of_record
SF:lib\data\datasources\db\database_helper_movie.dart
DA:10,0
DA:14,0
DA:18,0
DA:20,0
DA:27,0
DA:28,0
DA:29,0
DA:32,0
DA:36,0
DA:37,0
DA:44,0
DA:47,0
DA:48,0
DA:49,0
DA:52,0
DA:53,0
DA:54,0
DA:57,0
DA:61,0
DA:62,0
DA:63,0
DA:66,0
DA:69,0
DA:70,0
DA:76,0
DA:77,0
DA:78,0
LF:27
LH:0
end_of_record
SF:lib\data\datasources\movie_remote_data_source.dart
DA:23,1
DA:27,1
DA:29,5
DA:31,2
DA:32,4
DA:34,1
DA:39,1
DA:41,5
DA:43,2
DA:44,3
DA:46,1
DA:51,1
DA:53,5
DA:55,2
DA:56,4
DA:58,1
DA:63,1
DA:65,5
DA:67,2
DA:68,4
DA:70,1
DA:75,1
DA:77,5
DA:79,2
DA:80,4
DA:82,1
DA:87,1
DA:89,5
DA:91,2
DA:92,4
DA:94,1
LF:31
LH:31
end_of_record
SF:lib\data\models\movie_detail_model.dart
DA:8,2
DA:54,1
DA:55,1
DA:56,1
DA:57,1
DA:58,1
DA:59,1
DA:60,4
DA:61,1
DA:62,1
DA:63,1
DA:64,1
DA:65,1
DA:66,1
DA:67,2
DA:68,1
DA:69,1
DA:70,1
DA:71,1
DA:72,1
DA:73,1
DA:74,1
DA:75,1
DA:76,2
DA:77,1
DA:80,0
DA:81,0
DA:82,0
DA:83,0
DA:84,0
DA:85,0
DA:86,0
DA:87,0
DA:88,0
DA:89,0
DA:90,0
DA:91,0
DA:92,0
DA:93,0
DA:94,0
DA:95,0
DA:96,0
DA:97,0
DA:98,0
DA:99,0
DA:100,0
DA:101,0
DA:104,1
DA:105,1
DA:106,1
DA:107,1
DA:108,5
DA:109,1
DA:110,1
DA:111,1
DA:112,1
DA:113,1
DA:114,1
DA:115,1
DA:116,1
DA:117,1
DA:121,1
DA:123,1
DA:124,1
DA:125,1
DA:126,1
DA:127,1
DA:128,1
DA:129,1
DA:130,1
DA:131,1
DA:132,1
DA:133,1
DA:134,1
DA:135,1
DA:136,1
DA:137,1
DA:138,1
DA:139,1
DA:140,1
DA:141,1
DA:142,1
DA:143,1
DA:144,1
LF:84
LH:62
end_of_record
SF:lib\data\models\movie_model.dart
DA:7,4
DA:37,4
DA:38,2
DA:39,2
DA:40,8
DA:41,2
DA:42,2
DA:43,2
DA:44,4
DA:45,2
DA:46,2
DA:47,2
DA:48,2
DA:49,4
DA:50,2
DA:53,2
DA:54,1
DA:55,1
DA:56,4
DA:57,1
DA:58,1
DA:59,1
DA:60,1
DA:61,1
DA:62,1
DA:63,1
DA:64,1
DA:65,1
DA:66,1
DA:69,2
DA:70,2
DA:71,2
DA:72,2
DA:73,2
DA:74,2
DA:75,2
DA:76,2
DA:77,2
DA:78,2
DA:79,2
DA:80,2
DA:81,2
DA:82,2
DA:83,2
DA:87,2
DA:88,2
DA:89,2
DA:90,2
DA:91,2
DA:92,2
DA:93,2
DA:94,2
DA:95,2
DA:96,2
DA:97,2
DA:98,2
DA:99,2
DA:100,2
DA:101,2
LF:59
LH:59
end_of_record
SF:lib\data\models\movie_response.dart
DA:9,2
DA:11,4
DA:12,4
DA:13,6
DA:14,6
DA:17,2
DA:18,5
DA:21,1
DA:22,2
LF:9
LH:9
end_of_record
SF:lib\data\models\genre_model.dart
DA:7,2
DA:15,2
DA:16,1
DA:17,1
DA:20,0
DA:21,0
DA:22,0
DA:25,1
DA:26,3
DA:29,1
DA:30,3
LF:11
LH:8
end_of_record
SF:lib\domain\usecases\get_movie_detail.dart
DA:10,1
DA:12,1
DA:13,2
LF:3
LH:3
end_of_record
SF:lib\data\repositories\movie_repository_impl.dart
DA:26,1
DA:32,1
DA:34,3
DA:35,5
DA:36,1
DA:37,2
DA:38,1
DA:39,2
DA:44,1
DA:46,3
DA:47,2
DA:48,1
DA:49,2
DA:50,1
DA:51,2
DA:56,1
DA:58,3
DA:59,3
DA:60,1
DA:61,2
DA:62,1
DA:63,2
DA:68,1
DA:70,3
DA:71,5
DA:72,1
DA:73,2
DA:74,1
DA:75,2
DA:80,1
DA:82,3
DA:83,5
DA:84,1
DA:85,2
DA:86,1
DA:87,2
DA:92,1
DA:94,3
DA:95,5
DA:96,1
DA:97,2
DA:98,1
DA:99,2
DA:104,1
DA:107,4
DA:108,1
DA:109,1
DA:110,3
DA:117,1
DA:120,4
DA:121,1
DA:122,1
DA:123,3
DA:128,1
DA:129,3
DA:134,1
DA:135,3
DA:136,5
LF:58
LH:58
end_of_record
SF:lib\domain\usecases\get_movie_recommendations.dart
DA:10,1
DA:12,1
DA:13,2
LF:3
LH:3
end_of_record
SF:lib\domain\usecases\get_now_playing_movies.dart
DA:10,1
DA:12,1
DA:13,2
LF:3
LH:3
end_of_record
SF:lib\domain\usecases\get_popular_movies.dart
DA:10,1
DA:12,1
DA:13,2
LF:3
LH:3
end_of_record
SF:lib\domain\usecases\get_top_rated_movies.dart
DA:10,1
DA:12,1
DA:13,2
LF:3
LH:3
end_of_record
SF:lib\domain\usecases\get_watchlist_movies.dart
DA:11,1
DA:13,1
DA:14,2
LF:3
LH:3
end_of_record
SF:lib\domain\usecases\get_watchlist_status.dart
DA:6,1
DA:8,1
DA:9,2
LF:3
LH:3
end_of_record
SF:lib\domain\usecases\remove_watchlist.dart
DA:10,1
DA:12,1
DA:13,2
LF:3
LH:3
end_of_record
SF:lib\domain\usecases\save_watchlist.dart
DA:10,1
DA:12,1
DA:13,2
LF:3
LH:3
end_of_record
SF:lib\presentation\bloc\now_playing\now_playing_movies_state.dart
DA:4,1
DA:6,1
DA:7,1
DA:18,1
DA:20,1
DA:21,2
DA:27,1
DA:29,1
DA:30,2
LF:9
LH:9
end_of_record
SF:lib\presentation\bloc\now_playing\now_playing_movies_event.dart
DA:4,1
DA:6,0
DA:7,0
DA:14,0
DA:16,0
DA:17,0
LF:6
LH:1
end_of_record
SF:lib\presentation\bloc\now_playing\now_playing_movies_bloc.dart
DA:14,1
DA:15,3
DA:18,1
DA:19,2
DA:20,2
DA:21,2
DA:22,3
DA:24,1
DA:25,1
DA:26,3
DA:28,1
DA:29,2
DA:32,1
LF:13
LH:13
end_of_record
SF:lib\presentation\bloc\movie_detail\movie_detail_event.dart
DA:5,2
DA:7,0
DA:8,0
DA:14,2
DA:16,0
DA:17,0
DA:24,2
DA:26,0
DA:27,0
DA:33,2
DA:35,0
DA:36,0
DA:42,1
DA:44,0
DA:45,0
LF:15
LH:5
end_of_record
SF:lib\presentation\bloc\movie_detail\movie_detail_state.dart
DA:13,7
DA:23,2
DA:32,2
DA:33,2
DA:34,2
DA:35,1
DA:36,2
DA:37,2
DA:38,2
DA:39,2
DA:43,2
DA:55,1
DA:56,1
DA:57,1
DA:58,1
DA:59,1
DA:60,1
DA:61,1
DA:62,1
DA:63,1
LF:20
LH:20
end_of_record
SF:lib\presentation\bloc\movie_detail\movie_detail_bloc.dart
DA:29,1
DA:35,2
DA:36,2
DA:37,3
DA:39,4
DA:41,4
DA:43,2
DA:44,3
DA:45,1
DA:46,3
DA:52,1
DA:53,0
DA:54,1
DA:55,3
DA:64,2
DA:65,4
DA:67,1
DA:68,1
DA:69,4
DA:71,1
DA:72,3
DA:76,4
DA:79,2
DA:80,4
DA:82,1
DA:83,1
DA:84,4
DA:86,1
DA:87,3
DA:91,4
DA:94,2
DA:95,4
DA:96,3
LF:33
LH:32
end_of_record
SF:lib\presentation\bloc\popular_movies\popular_movies_state.dart
DA:4,3
DA:6,1
DA:7,1
DA:17,2
DA:19,1
DA:20,2
DA:26,2
DA:28,1
DA:29,2
LF:9
LH:9
end_of_record
SF:lib\presentation\bloc\popular_movies\popular_movies_event.dart
DA:4,2
DA:6,0
DA:7,0
DA:13,0
DA:15,0
DA:16,0
LF:6
LH:1
end_of_record
SF:lib\presentation\bloc\popular_movies\popular_movies_bloc.dart
DA:14,1
DA:15,3
DA:18,3
DA:19,2
DA:21,2
DA:22,3
DA:24,1
DA:25,1
DA:26,3
DA:28,1
DA:29,2
DA:33,1
LF:12
LH:12
end_of_record
SF:lib\presentation\bloc\recommendation\recommendation_movie_state.dart
DA:4,1
DA:6,1
DA:7,1
DA:17,1
DA:19,1
DA:20,2
DA:26,1
DA:28,1
DA:29,2
LF:9
LH:9
end_of_record
SF:lib\presentation\bloc\recommendation\recommendation_movie_event.dart
DA:4,1
DA:6,0
DA:7,0
DA:13,1
DA:15,0
DA:16,0
LF:6
LH:2
end_of_record
SF:lib\presentation\bloc\recommendation\recommendation_movie_bloc.dart
DA:13,1
DA:14,3
DA:17,3
DA:18,2
DA:19,1
DA:21,2
DA:22,3
DA:24,1
DA:25,1
DA:26,3
DA:28,1
DA:29,2
DA:32,1
LF:13
LH:13
end_of_record
SF:lib\presentation\bloc\top_rated\top_rated_movies_bloc.dart
DA:14,1
DA:15,3
DA:18,3
DA:19,2
DA:21,2
DA:22,3
DA:24,1
DA:25,1
DA:26,3
DA:28,1
DA:29,2
DA:32,1
LF:12
LH:12
end_of_record
SF:lib\presentation\bloc\top_rated\top_rated_movies_event.dart
DA:4,2
DA:6,0
DA:7,0
DA:14,1
DA:16,0
DA:17,0
LF:6
LH:2
end_of_record
SF:lib\presentation\bloc\top_rated\top_rated_movies_state.dart
DA:4,2
DA:6,1
DA:7,1
DA:17,2
DA:19,1
DA:20,2
DA:26,2
DA:28,1
DA:29,2
LF:9
LH:9
end_of_record
SF:lib\presentation\bloc\watchlist\watchlist_movie_state.dart
DA:4,2
DA:6,1
DA:7,1
DA:17,2
DA:19,1
DA:20,2
DA:26,2
DA:28,1
DA:29,2
LF:9
LH:9
end_of_record
SF:lib\presentation\bloc\watchlist\watchlist_movie_event.dart
DA:4,2
DA:6,0
DA:7,0
LF:3
LH:1
end_of_record
SF:lib\presentation\bloc\watchlist\watchlist_movie_bloc.dart
DA:17,1
DA:18,3
DA:22,3
DA:23,2
DA:25,2
DA:26,3
DA:28,1
DA:29,1
DA:30,3
DA:32,1
DA:33,2
DA:36,1
LF:12
LH:12
end_of_record
SF:lib\presentation\pages\popular_movies_page.dart
DA:13,1
DA:14,1
DA:18,1
DA:20,1
DA:21,2
DA:22,4
DA:25,1
DA:27,1
DA:28,1
DA:29,1
DA:31,1
DA:33,1
DA:34,1
DA:35,1
DA:36,1
DA:37,1
DA:39,1
DA:40,1
DA:41,0
DA:42,0
DA:43,0
DA:45,2
DA:48,1
DA:49,1
DA:50,1
LF:25
LH:22
end_of_record
SF:lib\presentation\widgets\movie_card_list.dart
DA:11,0
DA:13,0
DA:15,0
DA:17,0
DA:18,0
DA:19,0
DA:22,0
DA:25,0
DA:27,0
DA:28,0
DA:29,0
DA:35,0
DA:37,0
DA:38,0
DA:39,0
DA:42,0
DA:44,0
DA:45,0
DA:46,0
DA:54,0
DA:59,0
DA:60,0
DA:61,0
DA:63,0
DA:64,0
DA:66,0
DA:68,0
LF:27
LH:0
end_of_record
SF:lib\presentation\pages\movie_detail_page.dart
DA:21,1
DA:23,1
DA:24,1
DA:28,1
DA:30,1
DA:31,2
DA:32,2
DA:33,4
DA:34,2
DA:35,4
DA:43,1
DA:45,1
DA:47,1
DA:48,1
DA:49,2
DA:51,2
DA:53,1
DA:54,4
DA:56,1
DA:58,1
DA:59,1
DA:60,2
DA:65,1
DA:66,3
DA:67,2
DA:68,1
DA:69,2
DA:73,2
DA:74,1
DA:75,1
DA:76,1
DA:78,1
DA:79,1
DA:82,2
DA:83,2
DA:85,1
DA:120,1
DA:122,1
DA:124,3
DA:125,1
DA:126,1
DA:127,1
DA:128,3
DA:130,2
DA:131,1
DA:133,0
DA:135,1
DA:137,1
DA:138,1
DA:139,1
DA:140,1
DA:142,2
DA:149,1
DA:150,1
DA:151,1
DA:153,1
DA:155,1
DA:157,1
DA:158,1
DA:159,2
DA:160,1
DA:162,1
DA:163,1
DA:164,1
DA:165,1
DA:167,3
DA:169,0
DA:171,0
DA:193,1
DA:195,1
DA:196,1
DA:197,1
DA:198,1
DA:199,1
DA:203,1
DA:204,3
DA:206,1
DA:207,3
DA:209,1
DA:210,1
DA:211,1
DA:212,3
DA:214,2
DA:220,4
DA:223,1
DA:224,1
DA:226,1
DA:228,1
DA:229,2
DA:231,1
DA:232,1
DA:234,1
DA:236,1
DA:237,1
DA:238,2
DA:240,1
DA:241,1
DA:243,2
DA:245,0
DA:246,2
DA:248,1
DA:250,1
DA:252,1
DA:253,2
DA:254,1
DA:256,1
DA:257,0
DA:258,0
DA:261,0
DA:264,1
DA:265,1
DA:266,1
DA:268,1
DA:270,2
DA:271,1
DA:272,1
DA:274,1
DA:277,0
DA:278,0
DA:284,2
DA:288,0
DA:296,1
DA:298,1
DA:313,1
DA:315,1
DA:318,1
DA:319,1
DA:320,0
DA:321,0
DA:330,1
DA:332,2
DA:333,3
DA:336,1
DA:340,3
DA:343,1
DA:344,1
DA:345,1
DA:347,1
DA:348,1
DA:350,0
LF:140
LH:127
end_of_record
SF:lib\presentation\pages\top_rated_movies_page.dart
DA:11,1
DA:12,1
DA:16,1
DA:18,1
DA:19,2
DA:20,4
DA:24,1
DA:26,1
DA:27,1
DA:28,1
DA:30,1
DA:32,1
DA:33,1
DA:34,1
DA:35,1
DA:36,1
DA:38,1
DA:39,1
DA:40,0
DA:41,0
DA:42,0
DA:44,2
DA:47,1
DA:48,1
DA:49,1
LF:25
LH:22
end_of_record
SF:lib\presentation\pages\watchlist_movies_page.dart
DA:11,1
DA:12,1
DA:17,1
DA:19,1
DA:20,2
DA:21,2
DA:22,2
DA:25,1
DA:27,1
DA:28,4
DA:31,0
DA:33,0
DA:34,0
DA:37,1
DA:39,1
DA:40,1
DA:43,1
DA:45,1
DA:46,1
DA:47,1
DA:51,1
DA:52,1
DA:53,0
DA:54,0
DA:55,0
DA:57,2
DA:59,1
DA:78,1
DA:80,2
DA:81,1
LF:30
LH:24
end_of_record
