SF:lib\data\datasources\datasource_tv\tv\tv_local_datasource.dart
DA:15,1
DA:18,1
DA:20,3
DA:23,2
DA:28,1
DA:30,3
DA:33,2
DA:38,1
DA:39,3
DA:41,1
DA:48,1
DA:49,3
DA:50,4
LF:13
LH:13
end_of_record
SF:lib\data\models\models_tv\tv_table.dart
DA:12,2
DA:19,2
DA:20,1
DA:21,1
DA:22,1
DA:23,1
DA:26,2
DA:27,1
DA:28,1
DA:29,1
DA:30,1
DA:33,0
DA:34,0
DA:35,0
DA:36,0
DA:37,0
DA:40,2
DA:41,1
DA:42,1
DA:43,1
DA:44,1
DA:47,2
DA:49,10
LF:23
LH:18
end_of_record
SF:lib\domain\entities\tv\tv_detail.dart
DA:6,6
DA:30,2
DA:31,2
DA:32,2
DA:33,2
DA:34,2
DA:35,2
DA:36,2
DA:37,2
DA:38,2
DA:39,2
DA:40,2
DA:41,2
LF:13
LH:13
end_of_record
SF:lib\domain\entities\tv\tvseries.dart
DA:4,9
DA:18,1
DA:37,5
DA:38,5
DA:39,5
DA:40,5
DA:41,5
DA:42,5
DA:43,5
DA:44,5
DA:45,5
DA:46,5
DA:47,5
DA:48,5
DA:49,5
LF:15
LH:15
end_of_record
SF:lib\data\datasources\datasource_tv\db\database_helper_tvseries.dart
DA:9,0
DA:13,0
DA:17,0
DA:19,0
DA:26,0
DA:27,0
DA:28,0
DA:30,0
DA:34,0
DA:35,0
DA:42,0
DA:45,0
DA:46,0
DA:47,0
DA:50,0
DA:51,0
DA:52,0
DA:55,0
DA:59,0
DA:60,0
DA:61,0
DA:64,0
DA:67,0
DA:68,0
DA:74,0
DA:75,0
DA:76,0
LF:27
LH:0
end_of_record
SF:lib\data\datasources\datasource_tv\tv\tv_remote_datasource.dart
DA:27,1
DA:30,1
DA:33,5
DA:35,2
DA:36,4
DA:38,1
DA:43,1
DA:46,5
DA:48,2
DA:49,3
DA:51,1
DA:56,1
DA:57,2
DA:58,3
DA:60,2
DA:61,4
DA:63,1
DA:68,1
DA:70,5
DA:72,2
DA:73,4
DA:75,1
DA:80,1
DA:82,5
DA:84,2
DA:85,4
DA:87,1
DA:92,1
DA:94,2
DA:95,3
DA:97,2
DA:98,4
DA:100,1
LF:33
LH:33
end_of_record
SF:lib\data\models\models_tv\tv_detail_model.dart
DA:8,2
DA:48,1
DA:49,1
DA:50,1
DA:51,1
DA:52,5
DA:53,1
DA:54,1
DA:55,1
DA:56,1
DA:57,1
DA:58,1
DA:59,1
DA:60,1
DA:61,2
DA:62,1
DA:63,1
DA:64,1
DA:65,1
DA:66,2
DA:67,1
DA:70,0
DA:71,0
DA:72,0
DA:73,0
DA:74,0
DA:75,0
DA:76,0
DA:77,0
DA:78,0
DA:79,0
DA:80,0
DA:81,0
DA:82,0
DA:83,0
DA:84,0
DA:85,0
DA:86,0
DA:87,0
DA:88,0
DA:91,1
DA:92,1
DA:93,1
DA:94,5
DA:95,1
DA:96,1
DA:97,1
DA:98,1
DA:99,1
DA:100,1
DA:101,1
DA:102,1
DA:106,1
DA:108,1
DA:109,1
DA:110,1
DA:111,1
DA:112,1
DA:113,1
DA:114,1
DA:115,1
DA:116,1
DA:117,1
DA:118,1
DA:119,1
DA:120,1
DA:121,1
DA:122,1
DA:123,1
DA:124,1
DA:125,1
DA:126,1
LF:72
LH:53
end_of_record
SF:lib\data\models\models_tv\tv_model.dart
DA:7,4
DA:33,4
DA:34,2
DA:35,8
DA:36,2
DA:37,2
DA:38,2
DA:39,4
DA:40,2
DA:41,2
DA:42,2
DA:43,4
DA:44,2
DA:47,2
DA:48,1
DA:49,4
DA:50,1
DA:51,1
DA:52,1
DA:53,1
DA:54,1
DA:55,1
DA:56,1
DA:57,1
DA:58,1
DA:61,2
DA:62,2
DA:63,2
DA:64,2
DA:65,2
DA:66,2
DA:67,2
DA:68,2
DA:69,2
DA:70,2
DA:71,2
DA:72,2
DA:73,2
DA:77,2
DA:78,2
DA:79,2
DA:80,2
DA:81,2
DA:82,2
DA:83,2
DA:84,2
DA:85,2
DA:86,2
DA:87,2
DA:88,2
DA:89,2
LF:51
LH:51
end_of_record
SF:lib\data\models\models_tv\tv_response.dart
DA:7,2
DA:9,4
DA:10,4
DA:11,6
DA:12,6
DA:15,2
DA:16,5
DA:19,1
DA:20,2
LF:9
LH:9
end_of_record
SF:lib\data\repositories\tv\tv_repository_impl.dart
DA:26,1
DA:32,1
DA:34,3
DA:35,5
DA:36,1
DA:37,2
DA:38,1
DA:39,2
DA:44,1
DA:46,3
DA:47,2
DA:48,1
DA:49,2
DA:50,1
DA:51,2
DA:56,1
DA:58,3
DA:59,3
DA:60,1
DA:61,2
DA:62,1
DA:63,2
DA:68,1
DA:70,3
DA:71,5
DA:72,1
DA:73,2
DA:74,1
DA:75,2
DA:80,1
DA:82,3
DA:83,5
DA:84,1
DA:85,2
DA:86,1
DA:87,2
DA:92,1
DA:94,3
DA:95,5
DA:96,1
DA:97,2
DA:98,1
DA:99,2
DA:104,1
DA:107,4
DA:108,1
DA:109,1
DA:110,3
DA:117,1
DA:120,4
DA:121,1
DA:122,1
DA:123,3
DA:128,1
DA:129,3
DA:134,1
DA:135,3
DA:136,5
LF:58
LH:58
end_of_record
SF:lib\domain\usecases\tv\get_now_playing_tv.dart
DA:10,1
DA:12,1
DA:13,2
LF:3
LH:3
end_of_record
SF:lib\domain\usecases\tv\get_popular_tv.dart
DA:10,1
DA:12,1
DA:13,2
LF:3
LH:3
end_of_record
SF:lib\domain\usecases\tv\get_top_rated_tv.dart
DA:10,1
DA:12,1
DA:13,2
LF:3
LH:3
end_of_record
SF:lib\domain\usecases\tv\get_tv_detail.dart
DA:10,1
DA:12,1
DA:13,2
LF:3
LH:3
end_of_record
SF:lib\domain\usecases\tv\get_tv_recommendations.dart
DA:10,1
DA:12,1
DA:13,2
LF:3
LH:3
end_of_record
SF:lib\domain\usecases\tv\get_watchlist_status_tv.dart
DA:6,1
DA:8,1
DA:9,2
LF:3
LH:3
end_of_record
SF:lib\domain\usecases\tv\get_watchlist_tv.dart
DA:10,1
DA:12,1
DA:13,2
LF:3
LH:3
end_of_record
SF:lib\domain\usecases\tv\remove_watchlist.dart
DA:10,1
DA:12,1
DA:13,2
LF:3
LH:3
end_of_record
SF:lib\domain\usecases\tv\save_watchlist.dart
DA:10,1
DA:12,1
DA:13,2
LF:3
LH:3
end_of_record
SF:lib\presentation\bloc\popular_tv\popular_tv_state.dart
DA:4,2
DA:6,1
DA:7,1
DA:17,2
DA:19,1
DA:20,2
DA:26,2
DA:28,1
DA:29,2
LF:9
LH:9
end_of_record
SF:lib\presentation\bloc\popular_tv\popular_tv_bloc.dart
DA:14,1
DA:15,3
DA:18,3
DA:19,2
DA:21,2
DA:22,3
DA:24,1
DA:25,1
DA:26,3
DA:28,1
DA:29,2
DA:32,1
LF:12
LH:12
end_of_record
SF:lib\presentation\bloc\popular_tv\popular_tv_event.dart
DA:4,2
DA:6,0
DA:7,0
DA:13,0
DA:15,0
DA:16,0
LF:6
LH:1
end_of_record
SF:lib\presentation\bloc\top_rated\bloc\top_rated_tv_event.dart
DA:4,2
DA:6,0
DA:7,0
DA:14,0
DA:16,0
DA:17,0
LF:6
LH:1
end_of_record
SF:lib\presentation\bloc\top_rated\bloc\top_rated_tv_bloc.dart
DA:14,1
DA:15,3
DA:18,3
DA:19,2
DA:21,2
DA:22,3
DA:24,1
DA:25,1
DA:26,3
DA:28,1
DA:29,2
DA:32,1
LF:12
LH:12
end_of_record
SF:lib\presentation\bloc\top_rated\bloc\top_rated_tv_state.dart
DA:4,2
DA:6,1
DA:7,1
DA:17,2
DA:19,1
DA:20,2
DA:26,2
DA:28,1
DA:29,2
LF:9
LH:9
end_of_record
SF:lib\presentation\bloc\watchlist\bloc\watchlist_tv_event.dart
DA:4,2
DA:6,0
DA:7,0
LF:3
LH:1
end_of_record
SF:lib\presentation\bloc\watchlist\bloc\watchlist_tv_state.dart
DA:4,2
DA:6,1
DA:7,1
DA:17,2
DA:19,1
DA:20,2
DA:26,2
DA:28,1
DA:29,2
LF:9
LH:9
end_of_record
SF:lib\presentation\bloc\watchlist\bloc\watchlist_tv_bloc.dart
DA:14,1
DA:15,3
DA:19,3
DA:20,2
DA:22,2
DA:23,3
DA:25,1
DA:26,1
DA:27,3
DA:29,1
DA:30,2
DA:33,1
LF:12
LH:12
end_of_record
SF:lib\presentation\bloc\now_playing\bloc\now_playing_tv_bloc.dart
DA:14,0
DA:15,0
DA:18,1
DA:19,2
DA:20,2
DA:21,2
DA:22,3
DA:24,1
DA:25,1
DA:26,3
DA:28,1
DA:29,2
LF:12
LH:10
end_of_record
SF:lib\presentation\bloc\now_playing\bloc\now_playing_tv_state.dart
DA:4,1
DA:6,1
DA:7,1
DA:18,1
DA:20,1
DA:21,2
DA:27,1
DA:29,1
DA:30,2
LF:9
LH:9
end_of_record
SF:lib\presentation\bloc\now_playing\bloc\now_playing_tv_event.dart
DA:4,1
DA:6,0
DA:7,0
DA:14,0
DA:16,0
DA:17,0
LF:6
LH:1
end_of_record
SF:lib\presentation\bloc\recommendations\bloc\recommendation_tv_state.dart
DA:4,1
DA:6,1
DA:7,1
DA:17,1
DA:19,1
DA:20,2
DA:26,1
DA:28,1
DA:29,2
LF:9
LH:9
end_of_record
SF:lib\presentation\bloc\recommendations\bloc\recommendation_tv_event.dart
DA:4,1
DA:6,0
DA:7,0
DA:13,1
DA:15,0
DA:16,0
LF:6
LH:2
end_of_record
SF:lib\presentation\bloc\recommendations\bloc\recommendation_tv_bloc.dart
DA:14,1
DA:15,3
DA:18,3
DA:19,2
DA:20,1
DA:22,2
DA:23,3
DA:25,1
DA:26,1
DA:27,3
DA:29,1
DA:30,2
DA:33,1
LF:13
LH:13
end_of_record
SF:lib\presentation\bloc\tv_detail\bloc\tv_detail_event.dart
DA:4,2
DA:6,0
DA:7,0
DA:13,2
DA:15,0
DA:16,0
DA:22,2
DA:24,0
DA:25,0
DA:31,1
DA:33,0
DA:34,0
DA:40,2
DA:42,0
DA:43,0
LF:15
LH:5
end_of_record
SF:lib\presentation\bloc\tv_detail\bloc\tv_detail_state.dart
DA:13,7
DA:23,2
DA:32,2
DA:33,2
DA:34,2
DA:35,1
DA:36,2
DA:37,2
DA:38,2
DA:39,2
DA:43,2
DA:55,1
DA:56,1
DA:57,1
DA:58,1
DA:59,1
DA:60,1
DA:61,2
DA:62,1
LF:19
LH:19
end_of_record
SF:lib\presentation\bloc\tv_detail\bloc\tv_detail_bloc.dart
DA:27,1
DA:33,2
DA:34,2
DA:35,3
DA:37,4
DA:39,4
DA:41,2
DA:42,3
DA:43,1
DA:44,3
DA:50,1
DA:51,0
DA:52,1
DA:53,3
DA:62,2
DA:63,4
DA:65,1
DA:66,1
DA:67,4
DA:69,1
DA:70,3
DA:74,4
DA:77,2
DA:78,4
DA:80,1
DA:81,1
DA:82,4
DA:84,1
DA:85,3
DA:89,4
DA:92,2
DA:93,4
DA:94,3
LF:33
LH:32
end_of_record
SF:lib\presentation\pages\tv\popular_tv_page.dart
DA:13,1
DA:14,1
DA:18,1
DA:20,1
DA:21,2
DA:22,4
DA:25,1
DA:27,1
DA:28,1
DA:29,1
DA:31,1
DA:33,1
DA:34,1
DA:35,1
DA:36,1
DA:37,1
DA:39,1
DA:40,1
DA:41,0
DA:42,0
DA:43,0
DA:45,2
DA:48,1
DA:49,1
DA:50,1
LF:25
LH:22
end_of_record
SF:lib\presentation\widgets\tv_card_list.dart
DA:11,0
DA:13,0
DA:15,0
DA:17,0
DA:18,0
DA:19,0
DA:22,0
DA:25,0
DA:27,0
DA:28,0
DA:29,0
DA:35,0
DA:37,0
DA:38,0
DA:39,0
DA:42,0
DA:44,0
DA:45,0
DA:46,0
DA:54,0
DA:59,0
DA:60,0
DA:61,0
DA:63,0
DA:64,0
DA:66,0
DA:68,0
LF:27
LH:0
end_of_record
SF:lib\presentation\pages\tv\tv_detail_page.dart
DA:18,1
DA:20,1
DA:21,1
DA:25,1
DA:27,1
DA:28,2
DA:29,2
DA:30,4
DA:31,2
DA:32,4
DA:36,1
DA:38,1
DA:39,1
DA:40,1
DA:41,2
DA:43,2
DA:45,1
DA:46,4
DA:48,1
DA:50,1
DA:51,1
DA:52,2
DA:57,1
DA:58,3
DA:59,2
DA:60,1
DA:61,2
DA:65,2
DA:66,1
DA:67,1
DA:68,1
DA:70,1
DA:71,1
DA:74,2
DA:75,2
DA:77,1
DA:92,1
DA:94,1
DA:96,3
DA:97,1
DA:98,1
DA:99,1
DA:100,3
DA:102,2
DA:103,1
DA:105,0
DA:107,1
DA:109,1
DA:110,1
DA:111,1
DA:112,1
DA:114,2
DA:121,1
DA:122,1
DA:123,1
DA:125,1
DA:127,1
DA:129,1
DA:130,1
DA:131,2
DA:132,1
DA:134,1
DA:135,1
DA:136,1
DA:137,1
DA:139,3
DA:141,0
DA:143,0
DA:146,1
DA:148,1
DA:149,1
DA:150,1
DA:151,1
DA:152,1
DA:156,1
DA:157,3
DA:159,1
DA:160,2
DA:162,1
DA:163,1
DA:164,1
DA:165,3
DA:167,2
DA:173,4
DA:176,1
DA:177,1
DA:179,1
DA:181,1
DA:182,2
DA:184,1
DA:185,1
DA:187,1
DA:189,1
DA:190,1
DA:191,2
DA:193,1
DA:194,1
DA:196,2
DA:198,0
DA:199,2
DA:201,1
DA:203,1
DA:205,1
DA:206,2
DA:207,1
DA:209,1
DA:210,0
DA:211,0
DA:214,0
DA:217,1
DA:218,1
DA:219,1
DA:221,1
DA:223,2
DA:224,1
DA:225,1
DA:227,1
DA:230,0
DA:231,0
DA:237,2
DA:241,0
DA:249,1
DA:251,1
DA:266,1
DA:268,1
DA:271,1
DA:272,1
DA:273,0
DA:274,0
DA:283,1
DA:285,2
DA:286,3
DA:289,1
DA:293,3
LF:134
LH:122
end_of_record
SF:lib\presentation\pages\tv\top_rated_tv_page.dart
DA:13,1
DA:14,1
DA:18,1
DA:20,1
DA:21,2
DA:22,4
DA:26,1
DA:28,1
DA:29,1
DA:30,1
DA:32,1
DA:34,1
DA:35,1
DA:36,1
DA:37,1
DA:38,1
DA:40,1
DA:41,1
DA:42,0
DA:43,0
DA:44,0
DA:46,2
DA:49,1
DA:50,1
DA:51,1
LF:25
LH:22
end_of_record
SF:lib\presentation\pages\tv\watchlist_tv_page.dart
DA:12,1
DA:13,1
DA:18,1
DA:20,1
DA:21,2
DA:22,2
DA:23,2
DA:26,1
DA:28,1
DA:29,4
DA:32,0
DA:33,0
DA:34,0
DA:37,1
DA:39,1
DA:40,1
DA:41,1
DA:43,1
DA:45,1
DA:46,1
DA:47,1
DA:51,1
DA:52,1
DA:53,0
DA:54,0
DA:55,0
DA:57,2
DA:59,1
DA:78,1
DA:80,2
DA:81,1
LF:31
LH:25
end_of_record
