SF:lib\common\exception.dart
DA:6,2
LF:1
LH:1
end_of_record
SF:lib\data\datasources\movie_remote_data_source.dart
DA:35,4
DA:38,2
DA:40,10
DA:42,4
DA:43,8
DA:45,2
DA:50,2
DA:52,10
DA:54,4
DA:55,6
DA:57,2
DA:62,2
DA:63,4
DA:64,6
DA:66,4
DA:67,8
DA:69,2
DA:74,2
DA:76,10
DA:78,4
DA:79,8
DA:81,2
DA:86,2
DA:88,10
DA:90,4
DA:91,8
DA:93,2
DA:98,2
DA:99,4
DA:100,6
DA:102,4
DA:103,8
DA:105,2
DA:110,2
DA:112,10
DA:114,4
DA:116,6
DA:117,2
DA:119,2
DA:124,2
DA:126,10
DA:128,4
DA:129,6
DA:131,2
DA:136,2
DA:137,4
DA:138,6
DA:140,4
DA:142,6
DA:143,2
DA:145,2
DA:150,2
DA:152,10
DA:154,4
DA:156,6
DA:157,2
DA:159,2
DA:164,2
DA:166,10
DA:168,4
DA:170,6
DA:171,2
DA:173,2
DA:178,2
DA:179,4
DA:180,6
DA:182,4
DA:184,6
DA:185,2
DA:187,2
LF:70
LH:70
end_of_record
SF:lib\data\models\movies\movie_detail_model.dart
DA:6,3
DA:52,2
DA:53,2
DA:54,2
DA:55,2
DA:56,2
DA:57,2
DA:58,8
DA:59,2
DA:60,2
DA:61,2
DA:62,2
DA:63,2
DA:64,2
DA:65,4
DA:66,2
DA:67,2
DA:68,2
DA:69,2
DA:70,2
DA:71,2
DA:72,2
DA:73,2
DA:74,4
DA:75,2
DA:78,0
DA:79,0
DA:80,0
DA:81,0
DA:82,0
DA:83,0
DA:84,0
DA:85,0
DA:86,0
DA:87,0
DA:88,0
DA:89,0
DA:90,0
DA:91,0
DA:92,0
DA:93,0
DA:94,0
DA:95,0
DA:96,0
DA:97,0
DA:98,0
DA:99,0
DA:102,1
DA:103,1
DA:104,1
DA:105,1
DA:106,5
DA:107,1
DA:108,1
DA:109,1
DA:110,1
DA:111,1
DA:112,1
DA:113,1
DA:114,1
DA:115,1
DA:119,2
DA:121,2
DA:122,2
DA:123,2
DA:124,2
DA:125,2
DA:126,2
DA:127,2
DA:128,2
DA:129,2
DA:130,2
DA:131,2
DA:132,2
DA:133,2
DA:134,2
DA:135,2
DA:136,2
DA:137,2
DA:138,2
DA:139,2
DA:140,2
DA:141,2
DA:142,2
LF:84
LH:62
end_of_record
SF:lib\data\models\movies\movie_response.dart
DA:7,3
DA:9,6
DA:10,6
DA:11,9
DA:12,9
DA:15,2
DA:16,5
DA:19,1
DA:20,2
LF:9
LH:9
end_of_record
SF:lib\common\failure.dart
DA:6,14
DA:8,2
DA:9,4
DA:13,24
DA:17,4
DA:21,12
LF:6
LH:6
end_of_record
SF:lib\data\datasources\db\database_helper.dart
DA:8,0
DA:12,0
DA:16,0
DA:18,0
DA:25,0
DA:26,0
DA:27,0
DA:29,0
DA:33,0
DA:34,0
DA:41,0
DA:44,0
DA:45,0
DA:46,0
DA:49,0
DA:50,0
DA:51,0
DA:54,0
DA:58,0
DA:59,0
DA:60,0
DA:63,0
DA:66,0
DA:67,0
DA:73,0
DA:74,0
DA:75,0
LF:27
LH:0
end_of_record
SF:lib\data\datasources\movie_local_data_source.dart
DA:15,0
DA:18,0
DA:20,0
DA:23,0
DA:28,0
DA:30,0
DA:33,0
DA:38,0
DA:39,0
DA:41,0
DA:48,0
DA:49,0
DA:50,0
LF:13
LH:0
end_of_record
SF:lib\data\models\movies\movie_model.dart
DA:5,5
DA:35,6
DA:36,3
DA:37,3
DA:38,12
DA:39,3
DA:40,3
DA:41,3
DA:42,6
DA:43,3
DA:44,3
DA:45,3
DA:46,3
DA:47,6
DA:48,3
DA:51,2
DA:52,1
DA:53,1
DA:54,4
DA:55,1
DA:56,1
DA:57,1
DA:58,1
DA:59,1
DA:60,1
DA:61,1
DA:62,1
DA:63,1
DA:64,1
DA:67,2
DA:68,2
DA:69,2
DA:70,2
DA:71,2
DA:72,2
DA:73,2
DA:74,2
DA:75,2
DA:76,2
DA:77,2
DA:78,2
DA:79,2
DA:80,2
DA:81,2
DA:85,3
DA:86,3
DA:87,3
DA:88,3
DA:89,3
DA:90,3
DA:91,3
DA:92,3
DA:93,3
DA:94,3
DA:95,3
DA:96,3
DA:97,3
DA:98,3
DA:99,3
LF:59
LH:59
end_of_record
SF:lib\data\models\movies\movie_table.dart
DA:11,1
DA:18,2
DA:19,1
DA:20,1
DA:21,1
DA:22,1
DA:25,0
DA:26,0
DA:27,0
DA:28,0
DA:29,0
DA:32,0
DA:33,0
DA:34,0
DA:35,0
DA:36,0
DA:39,2
DA:40,1
DA:41,1
DA:42,1
DA:43,1
DA:46,1
DA:48,5
LF:23
LH:13
end_of_record
SF:lib\data\models\tv\tv_detail_model.dart
DA:6,3
DA:59,4
DA:60,2
DA:61,2
DA:62,8
DA:63,4
DA:64,10
DA:65,2
DA:66,2
DA:67,2
DA:68,4
DA:69,2
DA:70,2
DA:71,2
DA:72,2
DA:73,8
DA:74,2
DA:75,2
DA:76,2
DA:77,4
DA:78,2
DA:79,2
DA:80,2
DA:81,2
DA:82,4
DA:83,2
DA:86,0
DA:87,0
DA:88,0
DA:89,0
DA:90,0
DA:91,0
DA:92,0
DA:93,0
DA:94,0
DA:95,0
DA:96,0
DA:97,0
DA:98,0
DA:99,0
DA:100,0
DA:101,0
DA:102,0
DA:103,0
DA:104,0
DA:105,0
DA:106,0
DA:107,0
DA:108,0
DA:109,0
DA:110,0
DA:113,1
DA:114,1
DA:115,1
DA:116,1
DA:117,1
DA:118,1
DA:119,5
DA:120,1
DA:121,1
DA:122,1
DA:123,1
DA:124,1
DA:125,1
DA:126,1
DA:127,1
DA:128,1
DA:129,1
DA:130,1
DA:131,1
DA:132,1
DA:133,1
DA:134,1
DA:135,1
DA:136,1
DA:137,1
DA:138,1
DA:142,2
DA:143,2
DA:144,2
DA:145,2
DA:146,2
DA:147,2
DA:148,2
DA:149,2
DA:150,2
DA:151,2
DA:152,2
DA:153,2
DA:154,2
DA:155,2
DA:156,2
DA:157,2
DA:158,2
DA:159,2
DA:160,2
DA:161,2
DA:162,2
DA:163,2
DA:164,2
DA:165,2
DA:166,2
DA:167,2
LF:103
LH:78
end_of_record
SF:lib\data\models\tv\tv_model.dart
DA:5,5
DA:33,6
DA:34,6
DA:35,12
DA:36,3
DA:37,3
DA:38,12
DA:39,3
DA:40,3
DA:41,3
DA:42,6
DA:43,3
DA:44,6
DA:45,3
DA:48,2
DA:49,2
DA:50,4
DA:51,1
DA:52,1
DA:53,4
DA:54,1
DA:55,1
DA:56,1
DA:57,1
DA:58,1
DA:59,1
DA:60,1
DA:63,2
DA:64,2
DA:65,2
DA:66,2
DA:67,2
DA:68,2
DA:69,2
DA:70,2
DA:71,2
DA:72,2
DA:73,2
DA:74,2
DA:75,2
DA:76,2
DA:80,3
DA:81,3
DA:82,3
DA:83,3
DA:84,3
DA:85,3
DA:86,3
DA:87,3
DA:88,3
DA:89,3
DA:90,3
DA:91,3
DA:92,3
DA:93,3
LF:55
LH:55
end_of_record
SF:lib\domain\entities\movie.dart
DA:4,8
DA:20,2
DA:41,2
DA:42,2
DA:43,2
DA:44,2
DA:45,2
DA:46,2
DA:47,2
DA:48,2
DA:49,2
DA:50,2
DA:51,2
DA:52,2
DA:53,2
DA:54,2
DA:55,2
LF:17
LH:17
end_of_record
SF:lib\domain\entities\movie_detail.dart
DA:5,6
DA:33,1
DA:34,1
DA:35,1
DA:36,1
DA:37,1
DA:38,1
DA:39,1
DA:40,1
DA:41,1
DA:42,1
DA:43,1
DA:44,1
DA:45,1
LF:14
LH:14
end_of_record
SF:lib\domain\entities\tv.dart
DA:4,8
DA:20,2
DA:41,2
DA:42,2
DA:43,2
DA:45,2
DA:46,2
DA:47,2
DA:48,2
DA:49,2
DA:50,2
DA:51,2
DA:52,2
DA:53,2
DA:54,2
DA:55,2
LF:16
LH:16
end_of_record
SF:lib\data\models\tv\tv_table.dart
DA:11,1
DA:18,2
DA:19,1
DA:20,1
DA:21,1
DA:22,1
DA:25,0
DA:26,0
DA:27,0
DA:28,0
DA:29,0
DA:32,0
DA:33,0
DA:34,0
DA:35,0
DA:36,0
DA:39,2
DA:40,1
DA:41,1
DA:42,1
DA:43,1
DA:46,1
DA:48,5
LF:23
LH:13
end_of_record
SF:lib\domain\entities\tv_detail.dart
DA:5,6
DA:57,1
DA:58,1
DA:59,1
DA:60,1
DA:61,1
DA:62,1
DA:63,1
DA:64,1
DA:65,1
DA:66,1
DA:67,1
DA:68,1
DA:69,1
DA:70,1
DA:71,1
DA:72,1
DA:73,1
DA:74,1
DA:75,1
DA:76,1
DA:77,1
DA:78,1
DA:79,1
DA:80,1
DA:81,1
DA:82,1
LF:27
LH:27
end_of_record
SF:lib\domain\entities\genre.dart
DA:4,12
DA:12,2
DA:13,6
LF:3
LH:3
end_of_record
SF:lib\common\state_enum.dart
DA:1,47
LF:1
LH:1
end_of_record
SF:lib\domain\usecases\tv\get_popular_tv.dart
DA:9,1
DA:11,1
DA:12,2
LF:3
LH:3
end_of_record
SF:lib\presentation\provider\tv\popular_tv_notifier.dart
DA:9,1
DA:12,2
DA:15,2
DA:18,2
DA:20,1
DA:21,1
DA:22,1
DA:24,3
DA:26,1
DA:27,1
DA:28,2
DA:29,1
DA:30,1
DA:32,1
DA:33,1
DA:34,1
DA:35,1
LF:17
LH:17
end_of_record
SF:lib\data\datasources\db\database_helper_tv.dart
DA:7,0
DA:11,0
DA:15,0
DA:16,0
DA:22,0
DA:23,0
DA:24,0
DA:26,0
DA:30,0
DA:31,0
DA:38,0
DA:42,0
DA:43,0
DA:44,0
DA:47,0
DA:48,0
DA:49,0
DA:52,0
DA:56,0
DA:57,0
DA:58,0
DA:61,0
DA:64,0
DA:65,0
DA:71,0
DA:72,0
DA:73,0
LF:27
LH:0
end_of_record
SF:lib\data\models\tv\tv_response.dart
DA:7,3
DA:9,6
DA:10,6
DA:11,9
DA:12,9
DA:15,2
DA:16,5
DA:19,1
DA:20,2
LF:9
LH:9
end_of_record
SF:lib\data\datasources\tv_local_data_source.dart
DA:16,0
DA:19,0
DA:21,0
DA:24,0
DA:29,0
DA:31,0
DA:34,0
DA:39,0
DA:40,0
DA:42,0
DA:49,0
DA:50,0
DA:51,0
LF:13
LH:0
end_of_record
SF:lib\data\models\movies\genre_model.dart
DA:5,6
DA:13,8
DA:14,4
DA:15,4
DA:18,0
DA:19,0
DA:20,0
DA:23,2
DA:24,6
DA:27,4
DA:28,12
LF:11
LH:8
end_of_record
SF:lib\data\repositories\tv_repository_impl.dart
DA:17,1
DA:23,1
DA:25,3
DA:26,5
DA:27,1
DA:28,2
DA:29,1
DA:30,2
DA:35,1
DA:37,3
DA:38,2
DA:39,1
DA:40,2
DA:41,1
DA:42,2
DA:47,1
DA:49,3
DA:50,3
DA:51,1
DA:52,2
DA:53,1
DA:54,2
DA:59,1
DA:61,3
DA:62,5
DA:63,1
DA:64,2
DA:65,1
DA:66,2
DA:71,1
DA:73,3
DA:74,5
DA:75,1
DA:76,2
DA:77,1
DA:78,2
DA:83,1
DA:85,3
DA:86,5
DA:87,1
DA:88,2
DA:89,1
DA:90,2
DA:95,1
DA:98,4
DA:99,1
DA:100,1
DA:101,3
DA:108,1
DA:111,4
DA:112,1
DA:113,1
DA:114,3
DA:119,1
DA:120,3
DA:125,1
DA:126,3
DA:127,5
LF:58
LH:58
end_of_record
SF:lib\data\repositories\movie_repository_impl.dart
DA:17,1
DA:23,1
DA:25,3
DA:26,5
DA:27,1
DA:28,2
DA:29,1
DA:30,2
DA:35,1
DA:37,3
DA:38,2
DA:39,1
DA:40,2
DA:41,1
DA:42,2
DA:47,1
DA:49,3
DA:50,3
DA:51,1
DA:52,2
DA:53,1
DA:54,2
DA:59,1
DA:61,3
DA:62,5
DA:63,1
DA:64,2
DA:65,1
DA:66,2
DA:71,1
DA:73,3
DA:74,5
DA:75,1
DA:76,2
DA:77,1
DA:78,2
DA:83,1
DA:85,3
DA:86,5
DA:87,1
DA:88,2
DA:89,1
DA:90,2
DA:95,1
DA:98,4
DA:99,1
DA:100,1
DA:101,3
DA:108,1
DA:111,4
DA:112,1
DA:113,1
DA:114,3
DA:119,1
DA:120,3
DA:125,1
DA:126,3
DA:127,5
LF:58
LH:58
end_of_record
SF:lib\domain\usecases\movies\get_movie_detail.dart
DA:9,1
DA:11,1
DA:12,2
LF:3
LH:3
end_of_record
SF:lib\domain\usecases\movies\get_movie_recommendations.dart
DA:9,1
DA:11,1
DA:12,2
LF:3
LH:3
end_of_record
SF:lib\domain\usecases\movies\get_now_playing_movies.dart
DA:9,1
DA:11,1
DA:12,2
LF:3
LH:3
end_of_record
SF:lib\domain\usecases\movies\get_popular_movies.dart
DA:9,1
DA:11,1
DA:12,2
LF:3
LH:3
end_of_record
SF:lib\domain\usecases\movies\get_top_rated_movies.dart
DA:9,1
DA:11,1
DA:12,2
LF:3
LH:3
end_of_record
SF:lib\domain\usecases\movies\get_watchlist_movies.dart
DA:9,1
DA:11,1
DA:12,2
LF:3
LH:3
end_of_record
SF:lib\domain\usecases\movies\get_watchlist_status.dart
DA:6,1
DA:8,1
DA:9,2
LF:3
LH:3
end_of_record
SF:lib\domain\usecases\movies\remove_watchlist.dart
DA:9,1
DA:11,1
DA:12,2
LF:3
LH:3
end_of_record
SF:lib\domain\usecases\movies\save_watchlist.dart
DA:9,1
DA:11,1
DA:12,2
LF:3
LH:3
end_of_record
SF:lib\domain\usecases\movies\search_movies.dart
DA:9,1
DA:11,1
DA:12,2
LF:3
LH:3
end_of_record
SF:lib\domain\usecases\tv\get_now_playing_tv.dart
DA:9,1
DA:11,1
DA:12,2
LF:3
LH:3
end_of_record
SF:lib\domain\usecases\tv\get_top_rated_tv.dart
DA:9,1
DA:11,1
DA:12,2
LF:3
LH:3
end_of_record
SF:lib\domain\usecases\tv\get_tv_detail.dart
DA:9,1
DA:11,1
DA:12,2
LF:3
LH:3
end_of_record
SF:lib\domain\usecases\tv\get_tv_recommendations.dart
DA:9,1
DA:11,1
DA:12,2
LF:3
LH:3
end_of_record
SF:lib\domain\usecases\tv\get_watchlist_status_tv.dart
DA:6,1
DA:8,1
DA:9,2
LF:3
LH:3
end_of_record
SF:lib\domain\usecases\tv\get_watchlist_tv.dart
DA:9,1
DA:11,1
DA:12,2
LF:3
LH:3
end_of_record
SF:lib\domain\usecases\tv\remove_watchlist_tv.dart
DA:9,1
DA:11,1
DA:12,2
LF:3
LH:3
end_of_record
SF:lib\domain\usecases\tv\save_watchlist_tv.dart
DA:9,1
DA:11,1
DA:12,2
LF:3
LH:3
end_of_record
SF:lib\domain\usecases\tv\search_tv.dart
DA:9,1
DA:11,1
DA:12,2
LF:3
LH:3
end_of_record
SF:lib\presentation\pages\movies\popular_movies_page.dart
DA:10,1
DA:11,1
DA:15,1
DA:17,1
DA:18,2
DA:19,2
DA:20,1
DA:23,1
DA:25,1
DA:26,1
DA:27,1
DA:29,1
DA:31,1
DA:32,1
DA:33,2
DA:34,1
DA:35,1
DA:37,2
DA:38,1
DA:39,0
DA:40,0
DA:41,0
DA:43,2
DA:46,1
DA:47,1
DA:48,2
LF:26
LH:23
end_of_record
SF:lib\presentation\provider\movies\popular_movies_notifier.dart
DA:9,1
DA:12,2
DA:15,2
DA:18,2
DA:20,1
DA:21,1
DA:22,1
DA:24,3
DA:26,1
DA:27,1
DA:28,2
DA:29,1
DA:30,1
DA:32,1
DA:33,1
DA:34,1
DA:35,1
LF:17
LH:17
end_of_record
SF:lib\presentation\widgets\movie_card_list.dart
DA:10,0
DA:12,0
DA:14,0
DA:16,0
DA:17,0
DA:18,0
DA:21,0
DA:24,0
DA:26,0
DA:27,0
DA:28,0
DA:34,0
DA:36,0
DA:37,0
DA:38,0
DA:41,0
DA:43,0
DA:44,0
DA:45,0
DA:53,0
DA:58,0
DA:59,0
DA:60,0
DA:62,0
DA:63,0
DA:65,0
DA:67,0
LF:27
LH:0
end_of_record
SF:lib\common\constants.dart
DA:15,4
DA:16,2
DA:17,6
DA:19,0
DA:21,0
DA:25,0
DA:26,0
DA:27,0
DA:28,0
DA:29,0
LF:10
LH:3
end_of_record
SF:lib\presentation\pages\movies\movie_detail_page.dart
DA:16,1
DA:18,1
DA:19,1
DA:23,1
DA:25,1
DA:26,2
DA:27,2
DA:28,3
DA:29,2
DA:30,3
DA:34,1
DA:36,1
DA:37,1
DA:38,1
DA:39,2
DA:40,0
DA:41,0
DA:43,2
DA:44,1
DA:45,1
DA:46,1
DA:48,1
DA:49,1
DA:53,0
DA:66,1
DA:68,1
DA:70,3
DA:71,1
DA:72,1
DA:73,1
DA:74,3
DA:76,2
DA:77,1
DA:79,0
DA:81,1
DA:83,1
DA:84,1
DA:85,1
DA:86,1
DA:88,2
DA:95,1
DA:96,1
DA:97,1
DA:99,1
DA:101,1
DA:103,1
DA:104,1
DA:105,2
DA:106,1
DA:108,1
DA:109,1
DA:110,1
DA:111,2
DA:114,2
DA:116,0
DA:119,0
DA:123,1
DA:125,1
DA:127,1
DA:130,1
DA:133,2
DA:134,2
DA:136,1
DA:138,1
DA:139,1
DA:140,1
DA:145,1
DA:147,1
DA:148,1
DA:149,1
DA:150,1
DA:151,1
DA:155,1
DA:156,3
DA:158,1
DA:159,3
DA:161,1
DA:162,1
DA:163,1
DA:164,3
DA:166,2
DA:172,4
DA:175,1
DA:176,1
DA:178,1
DA:180,1
DA:181,2
DA:183,1
DA:184,1
DA:186,1
DA:188,1
DA:189,1
DA:190,2
DA:192,0
DA:193,0
DA:195,2
DA:197,0
DA:198,2
DA:200,1
DA:202,1
DA:204,0
DA:205,0
DA:206,0
DA:208,0
DA:209,0
DA:210,0
DA:213,0
DA:216,0
DA:217,0
DA:218,0
DA:220,0
DA:222,0
DA:223,0
DA:224,0
DA:226,0
DA:229,0
DA:230,0
DA:236,2
DA:240,0
DA:248,1
DA:250,1
DA:265,1
DA:267,1
DA:270,1
DA:271,1
DA:272,0
DA:273,0
DA:282,1
DA:284,2
DA:285,3
DA:288,1
DA:292,3
DA:295,1
DA:296,1
DA:297,1
DA:299,1
DA:300,1
DA:302,0
LF:138
LH:108
end_of_record
SF:lib\presentation\provider\movies\movie_detail_notifier.dart
DA:22,1
DA:31,2
DA:34,2
DA:37,2
DA:40,2
DA:43,2
DA:46,2
DA:48,1
DA:49,1
DA:50,1
DA:51,3
DA:52,3
DA:53,1
DA:54,1
DA:55,1
DA:56,2
DA:57,1
DA:59,1
DA:60,1
DA:61,1
DA:62,1
DA:63,1
DA:64,1
DA:65,1
DA:66,2
DA:68,1
DA:69,1
DA:70,1
DA:73,1
DA:74,1
DA:80,2
DA:82,1
DA:83,3
DA:85,2
DA:86,1
DA:87,2
DA:89,1
DA:90,1
DA:94,3
DA:97,1
DA:98,3
DA:100,2
DA:101,0
DA:102,0
DA:104,1
DA:105,1
DA:109,3
DA:112,1
DA:113,3
DA:114,1
DA:115,1
LF:51
LH:49
end_of_record
SF:lib\presentation\pages\movies\top_rated_movies_page.dart
DA:10,1
DA:11,1
DA:15,1
DA:17,1
DA:18,2
DA:19,2
DA:20,1
DA:23,1
DA:25,1
DA:26,1
DA:27,1
DA:29,1
DA:31,1
DA:32,1
DA:33,2
DA:34,1
DA:35,1
DA:37,2
DA:38,1
DA:39,0
DA:40,0
DA:41,0
DA:43,2
DA:46,1
DA:47,1
DA:48,2
LF:26
LH:23
end_of_record
SF:lib\presentation\provider\movies\top_rated_movies_notifier.dart
DA:9,1
DA:12,2
DA:15,2
DA:18,2
DA:20,1
DA:21,1
DA:22,1
DA:24,3
DA:26,1
DA:27,1
DA:28,2
DA:29,1
DA:30,1
DA:32,1
DA:33,1
DA:34,1
DA:35,1
LF:17
LH:17
end_of_record
SF:lib\presentation\pages\tv\popular_tv_page.dart
DA:10,1
DA:11,1
DA:15,1
DA:17,1
DA:18,2
DA:19,2
DA:20,1
DA:23,1
DA:25,1
DA:26,1
DA:27,1
DA:29,1
DA:31,1
DA:32,1
DA:33,2
DA:34,1
DA:35,1
DA:37,2
DA:38,1
DA:39,0
DA:40,0
DA:41,0
DA:43,2
DA:46,1
DA:47,1
DA:48,2
LF:26
LH:23
end_of_record
SF:lib\presentation\widgets\tv_card_list.dart
DA:10,0
DA:12,0
DA:14,0
DA:16,0
DA:17,0
DA:18,0
DA:21,0
DA:24,0
DA:26,0
DA:27,0
DA:28,0
DA:34,0
DA:36,0
DA:37,0
DA:38,0
DA:41,0
DA:43,0
DA:44,0
DA:45,0
DA:53,0
DA:58,0
DA:59,0
DA:60,0
DA:62,0
DA:63,0
DA:65,0
DA:67,0
LF:27
LH:0
end_of_record
SF:lib\presentation\pages\tv\tv_detail_page.dart
DA:15,1
DA:17,1
DA:18,1
DA:22,1
DA:24,1
DA:25,2
DA:26,2
DA:27,3
DA:28,2
DA:29,3
DA:33,1
DA:35,1
DA:36,1
DA:37,1
DA:38,2
DA:39,0
DA:40,0
DA:42,2
DA:43,1
DA:44,1
DA:45,1
DA:47,1
DA:48,1
DA:52,0
DA:65,1
DA:67,1
DA:69,3
DA:70,1
DA:71,1
DA:72,1
DA:73,3
DA:75,2
DA:76,1
DA:78,0
DA:80,1
DA:82,1
DA:83,1
DA:84,1
DA:85,1
DA:87,2
DA:94,1
DA:95,1
DA:96,1
DA:98,1
DA:100,1
DA:102,1
DA:103,1
DA:104,2
DA:105,1
DA:107,1
DA:108,1
DA:109,1
DA:110,2
DA:113,2
DA:115,0
DA:118,0
DA:122,1
DA:124,1
DA:126,1
DA:129,1
DA:132,2
DA:133,2
DA:135,1
DA:137,1
DA:138,1
DA:139,1
DA:144,1
DA:146,1
DA:147,1
DA:148,1
DA:149,1
DA:150,1
DA:154,1
DA:155,1
DA:156,1
DA:157,3
DA:161,1
DA:162,1
DA:163,1
DA:164,4
DA:167,1
DA:168,1
DA:169,1
DA:170,4
DA:173,1
DA:174,1
DA:175,1
DA:176,3
DA:178,2
DA:184,4
DA:187,1
DA:188,1
DA:190,1
DA:192,1
DA:193,2
DA:195,1
DA:196,1
DA:198,1
DA:200,1
DA:201,1
DA:202,2
DA:204,0
DA:205,0
DA:207,2
DA:209,0
DA:210,2
DA:212,1
DA:214,1
DA:216,0
DA:217,0
DA:218,0
DA:220,0
DA:221,0
DA:222,0
DA:225,0
DA:228,0
DA:229,0
DA:230,0
DA:232,0
DA:234,0
DA:235,0
DA:236,0
DA:238,0
DA:241,0
DA:242,0
DA:248,2
DA:252,0
DA:260,1
DA:262,1
DA:277,1
DA:279,1
DA:282,1
DA:283,1
DA:284,0
DA:285,0
LF:135
LH:106
end_of_record
SF:lib\presentation\provider\tv\tv_detail_notifier.dart
DA:22,1
DA:31,2
DA:34,2
DA:37,2
DA:40,2
DA:43,2
DA:46,2
DA:48,1
DA:49,1
DA:50,1
DA:51,3
DA:52,3
DA:53,1
DA:54,1
DA:55,1
DA:56,2
DA:57,1
DA:59,1
DA:60,1
DA:61,1
DA:62,1
DA:63,1
DA:64,1
DA:65,1
DA:66,2
DA:68,1
DA:69,1
DA:70,1
DA:73,1
DA:74,1
DA:80,2
DA:82,1
DA:83,3
DA:85,2
DA:86,1
DA:87,2
DA:89,1
DA:90,1
DA:94,3
DA:97,1
DA:98,3
DA:100,2
DA:101,0
DA:102,0
DA:104,1
DA:105,1
DA:109,3
DA:112,1
DA:113,3
DA:114,1
DA:115,1
LF:51
LH:49
end_of_record
SF:lib\presentation\pages\tv\top_rated_tv_page.dart
DA:10,1
DA:11,1
DA:15,1
DA:17,1
DA:18,2
DA:19,2
DA:20,1
DA:23,1
DA:25,1
DA:26,1
DA:27,1
DA:29,1
DA:31,1
DA:32,1
DA:33,2
DA:34,1
DA:35,1
DA:37,2
DA:38,1
DA:39,0
DA:40,0
DA:41,0
DA:43,2
DA:46,1
DA:47,1
DA:48,2
LF:26
LH:23
end_of_record
SF:lib\presentation\provider\tv\top_rated_tv_notifier.dart
DA:9,1
DA:12,2
DA:15,2
DA:18,2
DA:20,1
DA:21,1
DA:22,1
DA:24,3
DA:26,1
DA:27,1
DA:28,2
DA:29,1
DA:30,1
DA:32,1
DA:33,1
DA:34,1
DA:35,1
LF:17
LH:17
end_of_record
SF:lib\presentation\provider\movies\movie_list_notifier.dart
DA:10,2
DA:13,2
DA:16,2
DA:19,2
DA:22,2
DA:25,2
DA:28,2
DA:30,1
DA:40,1
DA:41,1
DA:42,1
DA:44,3
DA:45,1
DA:46,1
DA:47,1
DA:48,2
DA:49,1
DA:51,1
DA:52,1
DA:53,1
DA:54,1
DA:59,1
DA:60,1
DA:61,1
DA:63,3
DA:64,1
DA:65,1
DA:66,1
DA:67,2
DA:68,1
DA:70,1
DA:71,1
DA:72,1
DA:73,1
DA:78,1
DA:79,1
DA:80,1
DA:82,3
DA:83,1
DA:84,1
DA:85,1
DA:86,2
DA:87,1
DA:89,1
DA:90,1
DA:91,1
DA:92,1
LF:47
LH:47
end_of_record
SF:lib\presentation\provider\movies\movie_search_notifier.dart
DA:9,1
DA:12,2
DA:15,2
DA:18,2
DA:20,1
DA:21,1
DA:22,1
DA:24,3
DA:25,1
DA:26,1
DA:27,2
DA:28,1
DA:29,1
DA:31,1
DA:32,1
DA:33,1
DA:34,1
LF:17
LH:17
end_of_record
SF:lib\presentation\provider\movies\watchlist_movie_notifier.dart
DA:8,2
DA:11,2
DA:14,2
DA:16,1
DA:20,1
DA:21,1
DA:22,1
DA:24,3
DA:25,1
DA:26,1
DA:27,1
DA:28,2
DA:29,1
DA:31,1
DA:32,1
DA:33,1
DA:34,1
LF:17
LH:17
end_of_record
SF:lib\presentation\provider\tv\tv_list_notifier.dart
DA:10,2
DA:13,2
DA:16,2
DA:19,2
DA:22,2
DA:25,2
DA:28,2
DA:30,1
DA:40,1
DA:41,1
DA:42,1
DA:44,3
DA:45,1
DA:46,1
DA:47,1
DA:48,2
DA:49,1
DA:51,1
DA:52,1
DA:53,1
DA:54,1
DA:59,1
DA:60,1
DA:61,1
DA:63,3
DA:64,1
DA:65,1
DA:66,1
DA:67,2
DA:68,1
DA:70,1
DA:71,1
DA:72,1
DA:73,1
DA:78,1
DA:79,1
DA:80,1
DA:82,3
DA:83,1
DA:84,1
DA:85,1
DA:86,2
DA:87,1
DA:89,1
DA:90,1
DA:91,1
DA:92,1
LF:47
LH:47
end_of_record
SF:lib\presentation\provider\tv\tv_search_notifier.dart
DA:9,1
DA:12,2
DA:15,2
DA:18,2
DA:20,1
DA:21,1
DA:22,1
DA:24,3
DA:25,1
DA:26,1
DA:27,2
DA:28,1
DA:29,1
DA:31,1
DA:32,1
DA:33,1
DA:34,1
LF:17
LH:17
end_of_record
SF:lib\presentation\provider\tv\watchlist_tv_notifier.dart
DA:8,2
DA:11,2
DA:14,2
DA:16,1
DA:20,1
DA:21,1
DA:22,1
DA:24,3
DA:25,1
DA:26,1
DA:27,1
DA:28,2
DA:29,1
DA:31,1
DA:32,1
DA:33,1
DA:34,1
LF:17
LH:17
end_of_record
